<?xml version="1.0" encoding="UTF-8"?>
<testsuite time="25.979" failures="0" tests="1" name="tests.API-Rest" >
  <testcase time="25.972" classname="tests.API-Rest" name="TestSuite_Users.ta" />
</testsuite>